<?xml version="1.0" encoding="UTF-8"?>
<!-- Generated by org.testng.reporters.JUnitReportReporter -->
<testsuite hostname="LAPTOP-AR9V7GV7" failures="0" tests="1" name="Academy.HomePage" time="2.021" errors="0" timestamp="2021-04-26T18:29:15 IST" skipped="0">
  <testcase classname="Academy.HomePage" name="basePageNavigation" time="2.021"/>
  <system-out/>
</testsuite> <!-- Academy.HomePage -->
