<?xml version="1.0" encoding="UTF-8"?>
<!-- Generated by org.testng.reporters.JUnitReportReporter -->
<testsuite hostname="LAPTOP-AR9V7GV7" failures="0" tests="1" name="Academy.ValidateTitle" time="3.944" errors="0" timestamp="2021-04-30T13:01:28 IST" skipped="0">
  <testcase classname="Academy.ValidateTitle" name="valiadteTitleTest" time="3.944"/>
  <system-out/>
</testsuite> <!-- Academy.ValidateTitle -->
