<?xml version="1.0" encoding="UTF-8"?>
<!-- Generated by org.testng.reporters.JUnitReportReporter -->
<testsuite hostname="LAPTOP-AR9V7GV7" failures="0" tests="1" name="Academy.ValidateTitle" time="0.207" errors="0" timestamp="2021-04-26T18:26:40 IST" skipped="0">
  <testcase classname="Academy.ValidateTitle" name="valiadteTitleTest" time="0.207"/>
  <system-out/>
</testsuite> <!-- Academy.ValidateTitle -->
